This file contains any messages produced by compilers while
running configure, to aid debugging if configure makes a mistake.

It was created by l1_logreg configure 0.8.2, which was
generated by GNU Autoconf 2.61.  Invocation command line was

  $ ./configure 

## --------- ##
## Platform. ##
## --------- ##

hostname = Abhishek-PC
uname -m = i686
uname -r = 1.0.18(0.48/3/2)
uname -s = MINGW32_NT-6.1
uname -v = 2012-11-21 22:34

/usr/bin/uname -p = unknown
/bin/uname -X     = unknown

/bin/arch              = unknown
/usr/bin/arch -k       = unknown
/usr/convex/getsysinfo = unknown
/usr/bin/hostinfo      = unknown
/bin/machine           = unknown
/usr/bin/oslevel       = unknown
/bin/universe          = unknown

PATH: .
PATH: /usr/local/bin
PATH: /mingw/bin
PATH: /bin
PATH: /c/ProgramData/Oracle/Java/javapath
PATH: /c/Windows/system32
PATH: /c/Windows
PATH: /c/Windows/System32/Wbem
PATH: /c/Windows/System32/WindowsPowerShell/v1.0/
PATH: /c/Program Files (x86)/ATI Technologies/ATI.ACE/Core-Static
PATH: /c/Program Files/MATLAB/R2014a/runtime/win64
PATH: /c/Program Files/MATLAB/R2014a/bin
PATH: /c/Program Files/MATLAB/R2012a/runtime/win64
PATH: /c/Program Files/MATLAB/R2012a/bin
PATH: /c/Program Files/Microsoft Windows Performance Toolkit/
PATH: /c/Program Files (x86)/MiKTeX 2.9/miktex/bin/
PATH: /c/Program Files/MATLAB/R2014a/polyspace/bin
PATH: /c/Program Files/MiKTeX 2.9/miktex/bin/x64/
PATH: /c/Program Files/EmEditor
PATH: /c/Program Files (x86)/Git/cmd
PATH: /c/Users/Abhishek/Anaconda
PATH: /c/Users/Abhishek/Anaconda/Scripts
PATH: /c/SpiceOpus/bin
PATH: /c/Program Files (x86)/sox-14-4-1
PATH: /c/Program Files/MATLAB/R2012a/bin
PATH: /d/IISc Summer/Softwares/htk
PATH: /c/Program Files (x86)/mplayer-svn-37337-x86_64
PATH: /c/MinGW/bin
PATH: /c/Program Files (x86)/FileZilla-3.10.0
PATH: /c/Program Files (x86)/Analog Devices/GNU Toolchain/2013R1/extra-bin
PATH: /c/Program Files (x86)/Analog Devices/GNU Toolchain/2013R1/elf/bin
PATH: /c/Program Files (x86)/Analog Devices/GNU Toolchain/2013R1/uclinux/bin
PATH: /c/Program Files (x86)/Analog Devices/GNU Toolchain/2013R1/linux-uclibc/bin
PATH: /c/Program Files (x86)/eclipse/eclipse
PATH: /c/Program Files (x86)/tportable.0.7.17/Telegram
PATH: /c/Program Files/eclipse-java-luna-SR2-win32-x86_64/eclipse
PATH: /c/Program Files/Java/jre1.8.0_45/bin
PATH: Libraries/Documents


## ----------- ##
## Core tests. ##
## ----------- ##

configure:1825: checking for a BSD-compatible install
configure:1881: result: /bin/install -c
configure:1892: checking whether build environment is sane
configure:1935: result: yes
configure:1959: WARNING: `missing' script is too old or missing
configure:1963: checking for a thread-safe mkdir -p
configure:2002: result: /bin/mkdir -p
configure:2015: checking for gawk
configure:2031: found /bin/gawk
configure:2042: result: gawk
configure:2053: checking whether make sets $(MAKE)
configure:2074: result: yes
configure:2265: checking whether to link statically
configure:2275: result: no
configure:2285: checking whether to use fortran compiler
configure:2295: result: no
configure:2304: checking build system type
configure:2322: result: i686-pc-mingw32
configure:2344: checking host system type
configure:2359: result: i686-pc-mingw32
configure:2419: WARNING: Unknown architecture! This might not work...
configure:2489: checking for cc
configure:2505: found /c/MinGW/bin/cc
configure:2516: result: cc
configure:2552: checking for C compiler version
configure:2559: cc --version >&5
cc.exe (GCC) 4.8.1
Copyright (C) 2013 Free Software Foundation, Inc.
This is free software; see the source for copying conditions.  There is NO
warranty; not even for MERCHANTABILITY or FITNESS FOR A PARTICULAR PURPOSE.

configure:2562: $? = 0
configure:2569: cc -v >&5
Using built-in specs.
COLLECT_GCC=c:\MinGW\bin\cc.exe
COLLECT_LTO_WRAPPER=c:/mingw/bin/../libexec/gcc/mingw32/4.8.1/lto-wrapper.exe
Target: mingw32
Configured with: ../gcc-4.8.1/configure --prefix=/mingw --host=mingw32 --build=mingw32 --without-pic --enable-shared --enable-static --with-gnu-ld --enable-lto --enable-libssp --disable-multilib --enable-languages=c,c++,fortran,objc,obj-c++,ada --disable-sjlj-exceptions --with-dwarf2 --disable-win32-registry --enable-libstdcxx-debug --enable-version-specific-runtime-libs --with-gmp=/usr/src/pkg/gmp-5.1.2-1-mingw32-src/bld --with-mpc=/usr/src/pkg/mpc-1.0.1-1-mingw32-src/bld --with-mpfr= --with-system-zlib --with-gnu-as --enable-decimal-float=yes --enable-libgomp --enable-threads --with-libiconv-prefix=/mingw32 --with-libintl-prefix=/mingw --disable-bootstrap LDFLAGS=-s CFLAGS=-D_USE_32BIT_TIME_T
Thread model: win32
gcc version 4.8.1 (GCC) 
configure:2572: $? = 0
configure:2579: cc -V >&5
cc.exe: error: unrecognized command line option '-V'
cc.exe: fatal error: no input files
compilation terminated.
configure:2582: $? = 1
configure:2605: checking for C compiler default output file name
configure:2632: cc    conftest.c  >&5
configure:2635: $? = 0
configure:2673: result: a.exe
configure:2690: checking whether the C compiler works
configure:2700: ./a.exe
configure:2703: $? = 0
configure:2720: result: yes
configure:2727: checking whether we are cross compiling
configure:2729: result: no
configure:2732: checking for suffix of executables
configure:2739: cc -o conftest.exe    conftest.c  >&5
configure:2742: $? = 0
configure:2766: result: .exe
configure:2772: checking for suffix of object files
configure:2798: cc -c   conftest.c >&5
configure:2801: $? = 0
configure:2824: result: o
configure:2828: checking whether we are using the GNU C compiler
configure:2857: cc -c   conftest.c >&5
configure:2863: $? = 0
configure:2880: result: yes
configure:2885: checking whether cc accepts -g
configure:2915: cc -c -g  conftest.c >&5
configure:2921: $? = 0
configure:3020: result: yes
configure:3037: checking for cc option to accept ISO C89
configure:3111: cc  -c -g -O2  conftest.c >&5
configure:3117: $? = 0
configure:3140: result: none needed
configure:3169: checking for style of include used by make
configure:3197: result: GNU
configure:3222: checking dependency style of cc
configure:3313: result: gcc3
configure:3330: checking for C compiler vendor
configure:3364: cc -c -g -O2  conftest.c >&5
conftest.c: In function 'main':
conftest.c:16:7: error: 'thisisanerror' undeclared (first use in this function)
       thisisanerror;
       ^
conftest.c:16:7: note: each undeclared identifier is reported only once for each function it appears in
configure:3370: $? = 1
configure: failed program was:
| /* confdefs.h.  */
| #define PACKAGE_NAME "l1_logreg"
| #define PACKAGE_TARNAME "l1_logreg"
| #define PACKAGE_VERSION "0.8.2"
| #define PACKAGE_STRING "l1_logreg 0.8.2"
| #define PACKAGE_BUGREPORT "deneb1@stanford.edu"
| #define PACKAGE "l1_logreg"
| #define VERSION "0.8.2"
| /* end confdefs.h.  */
| 
| int
| main ()
| {
| 
| #if !(defined(__ICC) || defined(__ECC) || defined(__INTEL_COMPILER))
|       thisisanerror;
| #endif
| 
|   ;
|   return 0;
| }
configure:3364: cc -c -g -O2  conftest.c >&5
conftest.c: In function 'main':
conftest.c:16:7: error: 'thisisanerror' undeclared (first use in this function)
       thisisanerror;
       ^
conftest.c:16:7: note: each undeclared identifier is reported only once for each function it appears in
configure:3370: $? = 1
configure: failed program was:
| /* confdefs.h.  */
| #define PACKAGE_NAME "l1_logreg"
| #define PACKAGE_TARNAME "l1_logreg"
| #define PACKAGE_VERSION "0.8.2"
| #define PACKAGE_STRING "l1_logreg 0.8.2"
| #define PACKAGE_BUGREPORT "deneb1@stanford.edu"
| #define PACKAGE "l1_logreg"
| #define VERSION "0.8.2"
| /* end confdefs.h.  */
| 
| int
| main ()
| {
| 
| #if !(defined(__xlc__) || defined(__xlC__) || defined(__IBMC__) || defined(__IBMCPP__))
|       thisisanerror;
| #endif
| 
|   ;
|   return 0;
| }
configure:3364: cc -c -g -O2  conftest.c >&5
configure:3370: $? = 0
configure:3387: result: gnu
configure:3750: checking whether C compiler accepts -malign-double
configure:3779: cc -c -malign-double  conftest.c >&5
configure:3785: $? = 0
configure:3803: result: yes
configure:3813: checking whether C compiler accepts -fstrict-aliasing
configure:3842: cc -c -fstrict-aliasing  conftest.c >&5
configure:3848: $? = 0
configure:3866: result: yes
configure:3876: checking whether C compiler accepts -ffast-math
configure:3905: cc -c -ffast-math  conftest.c >&5
configure:3911: $? = 0
configure:3929: result: yes
configure:3950: checking for gcc architecture flag
configure:3952: result: 
configure:3974: checking for x86 cpuid 0 output
configure:4013: cc -o conftest.exe -O3 -fomit-frame-pointer -malign-double -fstrict-aliasing -ffast-math   conftest.c  >&5
configure:4016: $? = 0
configure:4022: ./conftest.exe
configure:4025: $? = 0
configure:4041: result: d:68747541:444d4163:69746e65
configure:4057: checking for x86 cpuid 1 output
configure:4096: cc -o conftest.exe -O3 -fomit-frame-pointer -malign-double -fstrict-aliasing -ffast-math   conftest.c  >&5
configure:4099: $? = 0
configure:4105: ./conftest.exe
configure:4108: $? = 0
configure:4124: result: 610f01:1040800:3698320b:178bfbff
configure:4367: checking whether C compiler accepts -march=k8
configure:4392: cc -c -march=k8  conftest.c >&5
configure:4398: $? = 0
configure:4414: result: yes
configure:4431: checking for gcc architecture flag
configure:4433: result: -march=k8
configure:4455: checking whether C compiler accepts -O3 -fomit-frame-pointer -malign-double -fstrict-aliasing -ffast-math -march=k8
configure:4480: cc -c -O3 -fomit-frame-pointer -malign-double -fstrict-aliasing -ffast-math -march=k8  conftest.c >&5
configure:4486: $? = 0
